<?xml version="1.0" encoding="UTF-8"?>
<!-- Generated by org.testng.reporters.JUnitReportReporter -->
<testsuite skipped="0" hostname="DESKTOP-9FQ5FG2" name="com.qa.SalesForce.Test.LoginPageTest" tests="5" failures="0" timestamp="27 Jun 2020 17:58:30 GMT" time="75.918" errors="0">
  <testcase name="validateLoginPageTitleTest" time="13.763" classname="com.qa.SalesForce.Test.LoginPageTest"/>
  <testcase name="validateLogoTest" time="9.738" classname="com.qa.SalesForce.Test.LoginPageTest"/>
  <testcase name="loginTest" time="10.347" classname="com.qa.SalesForce.Test.LoginPageTest"/>
  <testcase name="DataDrivenTest" time="20.040" classname="com.qa.SalesForce.Test.LoginPageTest"/>
  <testcase name="DataDrivenTest" time="22.030" classname="com.qa.SalesForce.Test.LoginPageTest"/>
</testsuite> <!-- com.qa.SalesForce.Test.LoginPageTest -->
