<?xml version="1.0" encoding="UTF-8"?>
<!-- Generated by org.testng.reporters.JUnitReportReporter -->
<testsuite skipped="0" hostname="DESKTOP-9FQ5FG2" name="com.qa.SalesForce.Test.MyNetWorkPageTest" tests="3" failures="0" timestamp="28 Jun 2020 18:50:22 GMT" time="76.547" errors="0">
  <testcase name="validateMyNetworkPageTitleTest" time="22.601" classname="com.qa.SalesForce.Test.MyNetWorkPageTest"/>
  <testcase name="clickOnHomePageTest" time="17.772" classname="com.qa.SalesForce.Test.MyNetWorkPageTest"/>
  <testcase name="clickOnMessgingPageTest" time="36.174" classname="com.qa.SalesForce.Test.MyNetWorkPageTest"/>
</testsuite> <!-- com.qa.SalesForce.Test.MyNetWorkPageTest -->
