<?xml version="1.0" encoding="UTF-8"?>
<!-- Generated by org.testng.reporters.JUnitReportReporter -->
<testsuite skipped="0" hostname="DESKTOP-9FQ5FG2" name="com.qa.SalesForce.Test.HomePageTest" tests="5" failures="0" timestamp="27 Jun 2020 17:58:30 GMT" time="125.068" errors="0">
  <testcase name="varifyHomePageTitleTest" time="15.262" classname="com.qa.SalesForce.Test.HomePageTest"/>
  <testcase name="ClickMyNetworkPageTest" time="24.654" classname="com.qa.SalesForce.Test.HomePageTest"/>
  <testcase name="ClickOnJobPageTest" time="23.838" classname="com.qa.SalesForce.Test.HomePageTest"/>
  <testcase name="ClickOnMessgaingPageTest" time="36.678" classname="com.qa.SalesForce.Test.HomePageTest"/>
  <testcase name="ClickOnNotificationPageTest" time="24.636" classname="com.qa.SalesForce.Test.HomePageTest"/>
</testsuite> <!-- com.qa.SalesForce.Test.HomePageTest -->
