<?xml version="1.0" encoding="UTF-8"?>
<!-- Generated by org.testng.reporters.JUnitReportReporter -->
<testsuite skipped="0" hostname="DESKTOP-9FQ5FG2" name="com.qa.SalesForce.Test.LoginPageTest" tests="5" failures="0" timestamp="28 Jun 2020 18:50:22 GMT" time="96.084" errors="0">
  <testcase name="validateLoginPageTitleTest" time="9.453" classname="com.qa.SalesForce.Test.LoginPageTest"/>
  <testcase name="validateLogoTest" time="16.348" classname="com.qa.SalesForce.Test.LoginPageTest"/>
  <testcase name="loginTest" time="21.095" classname="com.qa.SalesForce.Test.LoginPageTest"/>
  <testcase name="DataDrivenTest" time="20.239" classname="com.qa.SalesForce.Test.LoginPageTest"/>
  <testcase name="DataDrivenTest" time="28.949" classname="com.qa.SalesForce.Test.LoginPageTest"/>
</testsuite> <!-- com.qa.SalesForce.Test.LoginPageTest -->
