<?xml version="1.0" encoding="UTF-8"?>
<!-- Generated by org.testng.reporters.JUnitReportReporter -->
<testsuite skipped="0" hostname="DESKTOP-9FQ5FG2" name="com.qa.SalesForce.Test.MyNetWorkPageTest" tests="3" failures="0" timestamp="27 Jun 2020 17:58:30 GMT" time="60.905" errors="0">
  <testcase name="validateMyNetworkPageTitleTest" time="24.843" classname="com.qa.SalesForce.Test.MyNetWorkPageTest"/>
  <testcase name="clickOnHomePageTest" time="17.474" classname="com.qa.SalesForce.Test.MyNetWorkPageTest"/>
  <testcase name="clickOnMessgingPageTest" time="18.588" classname="com.qa.SalesForce.Test.MyNetWorkPageTest"/>
</testsuite> <!-- com.qa.SalesForce.Test.MyNetWorkPageTest -->
