<?xml version="1.0" encoding="UTF-8"?>
<!-- Generated by org.testng.reporters.JUnitReportReporter -->
<testsuite skipped="0" hostname="DESKTOP-9FQ5FG2" name="com.qa.SalesForce.Test.MessagingPageTest" tests="3" failures="0" timestamp="27 Jun 2020 17:58:30 GMT" time="68.271" errors="0">
  <testcase name="ClickOnMyNetworkPageTest" time="19.750" classname="com.qa.SalesForce.Test.MessagingPageTest"/>
  <testcase name="ValidateTitleTest" time="24.233" classname="com.qa.SalesForce.Test.MessagingPageTest"/>
  <testcase name="ClickOnNotificationPage" time="24.288" classname="com.qa.SalesForce.Test.MessagingPageTest"/>
</testsuite> <!-- com.qa.SalesForce.Test.MessagingPageTest -->
